<?xml version="1.0" encoding="UTF-8"?>
<testsuite name="com.emse.spring.automacorp.model.controllers.RoomControllerTest" tests="10" skipped="0" failures="0" errors="0" timestamp="2024-01-14T12:18:43" hostname="Anjolaoluwas-MacBook-Pro.local" time="0.053">
  <properties/>
  <testcase name="shouldFindById()" classname="com.emse.spring.automacorp.model.controllers.RoomControllerTest" time="0.009"/>
  <testcase name="shouldCreate()" classname="com.emse.spring.automacorp.model.controllers.RoomControllerTest" time="0.009"/>
  <testcase name="shouldUpdate()" classname="com.emse.spring.automacorp.model.controllers.RoomControllerTest" time="0.004"/>
  <testcase name="shouldDeleteRoomAndAssociatedEntities()" classname="com.emse.spring.automacorp.model.controllers.RoomControllerTest" time="0.003"/>
  <testcase name="shouldFindAll()" classname="com.emse.spring.automacorp.model.controllers.RoomControllerTest" time="0.004"/>
  <testcase name="shouldTurnOffHeaters()" classname="com.emse.spring.automacorp.model.controllers.RoomControllerTest" time="0.004"/>
  <testcase name="shouldReturnNullWhenFindByUnknownId()" classname="com.emse.spring.automacorp.model.controllers.RoomControllerTest" time="0.003"/>
  <testcase name="shouldOpenWindows()" classname="com.emse.spring.automacorp.model.controllers.RoomControllerTest" time="0.004"/>
  <testcase name="shouldCloseWindows()" classname="com.emse.spring.automacorp.model.controllers.RoomControllerTest" time="0.003"/>
  <testcase name="shouldTurnOnHeaters()" classname="com.emse.spring.automacorp.model.controllers.RoomControllerTest" time="0.003"/>
  <system-out><![CDATA[2024-01-14T13:18:43.555+01:00  INFO 68510 --- [    Test worker] t.c.s.AnnotationConfigContextLoaderUtils : Could not detect default configuration classes for test class [com.emse.spring.automacorp.model.controllers.RoomControllerTest]: RoomControllerTest does not declare any static, non-private, non-final, nested classes annotated with @Configuration.
2024-01-14T13:18:43.558+01:00  INFO 68510 --- [    Test worker] .b.t.c.SpringBootTestContextBootstrapper : Found @SpringBootConfiguration com.emse.spring.automacorp.AutomacorpApplication for test class com.emse.spring.automacorp.model.controllers.RoomControllerTest

  .   ____          _            __ _ _
 /\\ / ___'_ __ _ _(_)_ __  __ _ \ \ \ \
( ( )\___ | '_ | '_| | '_ \/ _` | \ \ \ \
 \\/  ___)| |_)| | | | | || (_| |  ) ) ) )
  '  |____| .__|_| |_|_| |_\__, | / / / /
 =========|_|==============|___/=/_/_/_/
 :: Spring Boot ::                (v3.2.0)

2024-01-14T13:18:43.570+01:00  INFO 68510 --- [    Test worker] c.e.s.a.m.c.RoomControllerTest           : Starting RoomControllerTest using Java 21 with PID 68510 (started by anjolaoluwaadeuyi in /Users/anjolaoluwaadeuyi/Documents/CPS2/web/TB3_Smart_Building_Manager_Backend)
2024-01-14T13:18:43.570+01:00  INFO 68510 --- [    Test worker] c.e.s.a.m.c.RoomControllerTest           : No active profile set, falling back to 1 default profile: "default"
2024-01-14T13:18:43.657+01:00  INFO 68510 --- [    Test worker] o.s.b.a.w.s.WelcomePageHandlerMapping    : Adding welcome page: class path resource [static/index.html]
2024-01-14T13:18:43.687+01:00  INFO 68510 --- [    Test worker] o.s.s.web.DefaultSecurityFilterChain     : Will secure any request with [org.springframework.security.web.session.DisableEncodeUrlFilter@64a16a10, org.springframework.security.web.context.request.async.WebAsyncManagerIntegrationFilter@3b641567, org.springframework.security.web.context.SecurityContextHolderFilter@fbafe38, org.springframework.security.web.header.HeaderWriterFilter@2e07ae6c, org.springframework.web.filter.CorsFilter@2685c3a2, org.springframework.security.web.csrf.CsrfFilter@762f0a8b, org.springframework.security.web.authentication.logout.LogoutFilter@48f7f8cc, org.springframework.security.web.authentication.UsernamePasswordAuthenticationFilter@1d900d84, org.springframework.security.web.authentication.ui.DefaultLoginPageGeneratingFilter@6fe40fa8, org.springframework.security.web.authentication.ui.DefaultLogoutPageGeneratingFilter@7a1f008, org.springframework.security.web.authentication.www.BasicAuthenticationFilter@3e13f2c8, org.springframework.security.web.savedrequest.RequestCacheAwareFilter@1cfc616, org.springframework.security.web.servletapi.SecurityContextHolderAwareRequestFilter@7c83aa9a, org.springframework.security.web.authentication.AnonymousAuthenticationFilter@68bffb06, org.springframework.security.web.access.ExceptionTranslationFilter@95e8df8, org.springframework.security.web.access.intercept.AuthorizationFilter@6a56a99a]
2024-01-14T13:18:43.690+01:00  INFO 68510 --- [    Test worker] o.s.b.t.m.w.SpringBootMockServletContext : Initializing Spring TestDispatcherServlet ''
2024-01-14T13:18:43.690+01:00  INFO 68510 --- [    Test worker] o.s.t.web.servlet.TestDispatcherServlet  : Initializing Servlet ''
2024-01-14T13:18:43.691+01:00  INFO 68510 --- [    Test worker] o.s.t.web.servlet.TestDispatcherServlet  : Completed initialization in 1 ms
2024-01-14T13:18:43.693+01:00  INFO 68510 --- [    Test worker] c.e.s.a.m.c.RoomControllerTest           : Started RoomControllerTest in 0.133 seconds (process running for 6.619)
2024-01-14T13:18:43.697+01:00  WARN 68510 --- [    Test worker] o.s.w.s.h.HandlerMappingIntrospector     : Cache miss for REQUEST dispatch to '/api/rooms/1' (previous null). Performing CorsConfiguration lookup. This is logged once only at WARN level, and every time at TRACE.
]]></system-out>
  <system-err><![CDATA[]]></system-err>
</testsuite>
