<?xml version="1.0" encoding="UTF-8"?>
<testsuite name="com.emse.spring.automacorp.model.controllers.HeaterControllerTest" tests="8" skipped="0" failures="0" errors="0" timestamp="2024-01-14T12:18:43" hostname="Anjolaoluwas-MacBook-Pro.local" time="0.044">
  <properties/>
  <testcase name="shouldFindById()" classname="com.emse.spring.automacorp.model.controllers.HeaterControllerTest" time="0.008"/>
  <testcase name="shouldCreate()" classname="com.emse.spring.automacorp.model.controllers.HeaterControllerTest" time="0.01"/>
  <testcase name="shouldDelete()" classname="com.emse.spring.automacorp.model.controllers.HeaterControllerTest" time="0.004"/>
  <testcase name="shouldUpdate()" classname="com.emse.spring.automacorp.model.controllers.HeaterControllerTest" time="0.005"/>
  <testcase name="shouldFindAll()" classname="com.emse.spring.automacorp.model.controllers.HeaterControllerTest" time="0.004"/>
  <testcase name="shouldSwitchHeaterStatusById()" classname="com.emse.spring.automacorp.model.controllers.HeaterControllerTest" time="0.003"/>
  <testcase name="shouldNotUpdateUnknownEntity()" classname="com.emse.spring.automacorp.model.controllers.HeaterControllerTest" time="0.003"/>
  <testcase name="shouldReturnNullWhenFindByUnknownId()" classname="com.emse.spring.automacorp.model.controllers.HeaterControllerTest" time="0.003"/>
  <system-out><![CDATA[2024-01-14T13:18:43.303+01:00  INFO 68510 --- [    Test worker] t.c.s.AnnotationConfigContextLoaderUtils : Could not detect default configuration classes for test class [com.emse.spring.automacorp.model.controllers.HeaterControllerTest]: HeaterControllerTest does not declare any static, non-private, non-final, nested classes annotated with @Configuration.
2024-01-14T13:18:43.310+01:00  INFO 68510 --- [    Test worker] .b.t.c.SpringBootTestContextBootstrapper : Found @SpringBootConfiguration com.emse.spring.automacorp.AutomacorpApplication for test class com.emse.spring.automacorp.model.controllers.HeaterControllerTest

  .   ____          _            __ _ _
 /\\ / ___'_ __ _ _(_)_ __  __ _ \ \ \ \
( ( )\___ | '_ | '_| | '_ \/ _` | \ \ \ \
 \\/  ___)| |_)| | | | | || (_| |  ) ) ) )
  '  |____| .__|_| |_|_| |_\__, | / / / /
 =========|_|==============|___/=/_/_/_/
 :: Spring Boot ::                (v3.2.0)

2024-01-14T13:18:43.328+01:00  INFO 68510 --- [    Test worker] c.e.s.a.m.c.HeaterControllerTest         : Starting HeaterControllerTest using Java 21 with PID 68510 (started by anjolaoluwaadeuyi in /Users/anjolaoluwaadeuyi/Documents/CPS2/web/TB3_Smart_Building_Manager_Backend)
2024-01-14T13:18:43.329+01:00  INFO 68510 --- [    Test worker] c.e.s.a.m.c.HeaterControllerTest         : No active profile set, falling back to 1 default profile: "default"
2024-01-14T13:18:43.456+01:00  INFO 68510 --- [    Test worker] o.s.b.a.w.s.WelcomePageHandlerMapping    : Adding welcome page: class path resource [static/index.html]
2024-01-14T13:18:43.494+01:00  INFO 68510 --- [    Test worker] o.s.s.web.DefaultSecurityFilterChain     : Will secure any request with [org.springframework.security.web.session.DisableEncodeUrlFilter@59632e3c, org.springframework.security.web.context.request.async.WebAsyncManagerIntegrationFilter@483eff43, org.springframework.security.web.context.SecurityContextHolderFilter@1676f27f, org.springframework.security.web.header.HeaderWriterFilter@500b6601, org.springframework.web.filter.CorsFilter@6671ec3b, org.springframework.security.web.csrf.CsrfFilter@71a8a354, org.springframework.security.web.authentication.logout.LogoutFilter@11f2be38, org.springframework.security.web.authentication.UsernamePasswordAuthenticationFilter@44bd4b94, org.springframework.security.web.authentication.ui.DefaultLoginPageGeneratingFilter@1069cbf2, org.springframework.security.web.authentication.ui.DefaultLogoutPageGeneratingFilter@24d02ed9, org.springframework.security.web.authentication.www.BasicAuthenticationFilter@1bcb2501, org.springframework.security.web.savedrequest.RequestCacheAwareFilter@227051e6, org.springframework.security.web.servletapi.SecurityContextHolderAwareRequestFilter@1bd99de6, org.springframework.security.web.authentication.AnonymousAuthenticationFilter@6402f6b1, org.springframework.security.web.access.ExceptionTranslationFilter@3ed0e816, org.springframework.security.web.access.intercept.AuthorizationFilter@403a2ed5]
2024-01-14T13:18:43.497+01:00  INFO 68510 --- [    Test worker] o.s.b.t.m.w.SpringBootMockServletContext : Initializing Spring TestDispatcherServlet ''
2024-01-14T13:18:43.498+01:00  INFO 68510 --- [    Test worker] o.s.t.web.servlet.TestDispatcherServlet  : Initializing Servlet ''
2024-01-14T13:18:43.498+01:00  INFO 68510 --- [    Test worker] o.s.t.web.servlet.TestDispatcherServlet  : Completed initialization in 0 ms
2024-01-14T13:18:43.505+01:00  INFO 68510 --- [    Test worker] c.e.s.a.m.c.HeaterControllerTest         : Started HeaterControllerTest in 0.193 seconds (process running for 6.431)
2024-01-14T13:18:43.511+01:00  WARN 68510 --- [    Test worker] o.s.w.s.h.HandlerMappingIntrospector     : Cache miss for REQUEST dispatch to '/api/heaters/1' (previous null). Performing CorsConfiguration lookup. This is logged once only at WARN level, and every time at TRACE.
]]></system-out>
  <system-err><![CDATA[]]></system-err>
</testsuite>
