<?xml version="1.0" encoding="UTF-8"?>
<testsuite name="com.emse.spring.automacorp.model.controllers.SensorControllerTest" tests="7" skipped="0" failures="0" errors="0" timestamp="2024-01-14T12:18:43" hostname="Anjolaoluwas-MacBook-Pro.local" time="0.029">
  <properties/>
  <testcase name="shouldFindById()" classname="com.emse.spring.automacorp.model.controllers.SensorControllerTest" time="0.008"/>
  <testcase name="shouldCreate()" classname="com.emse.spring.automacorp.model.controllers.SensorControllerTest" time="0.005"/>
  <testcase name="shouldDelete()" classname="com.emse.spring.automacorp.model.controllers.SensorControllerTest" time="0.003"/>
  <testcase name="shouldUpdate()" classname="com.emse.spring.automacorp.model.controllers.SensorControllerTest" time="0.003"/>
  <testcase name="shouldFindAll()" classname="com.emse.spring.automacorp.model.controllers.SensorControllerTest" time="0.003"/>
  <testcase name="shouldNotUpdateUnknownEntity()" classname="com.emse.spring.automacorp.model.controllers.SensorControllerTest" time="0.003"/>
  <testcase name="shouldReturnNullWhenFindByUnknownId()" classname="com.emse.spring.automacorp.model.controllers.SensorControllerTest" time="0.002"/>
  <system-out><![CDATA[2024-01-14T13:18:43.763+01:00  INFO 68510 --- [    Test worker] t.c.s.AnnotationConfigContextLoaderUtils : Could not detect default configuration classes for test class [com.emse.spring.automacorp.model.controllers.SensorControllerTest]: SensorControllerTest does not declare any static, non-private, non-final, nested classes annotated with @Configuration.
2024-01-14T13:18:43.766+01:00  INFO 68510 --- [    Test worker] .b.t.c.SpringBootTestContextBootstrapper : Found @SpringBootConfiguration com.emse.spring.automacorp.AutomacorpApplication for test class com.emse.spring.automacorp.model.controllers.SensorControllerTest

  .   ____          _            __ _ _
 /\\ / ___'_ __ _ _(_)_ __  __ _ \ \ \ \
( ( )\___ | '_ | '_| | '_ \/ _` | \ \ \ \
 \\/  ___)| |_)| | | | | || (_| |  ) ) ) )
  '  |____| .__|_| |_|_| |_\__, | / / / /
 =========|_|==============|___/=/_/_/_/
 :: Spring Boot ::                (v3.2.0)

2024-01-14T13:18:43.777+01:00  INFO 68510 --- [    Test worker] c.e.s.a.m.c.SensorControllerTest         : Starting SensorControllerTest using Java 21 with PID 68510 (started by anjolaoluwaadeuyi in /Users/anjolaoluwaadeuyi/Documents/CPS2/web/TB3_Smart_Building_Manager_Backend)
2024-01-14T13:18:43.777+01:00  INFO 68510 --- [    Test worker] c.e.s.a.m.c.SensorControllerTest         : No active profile set, falling back to 1 default profile: "default"
2024-01-14T13:18:43.840+01:00  INFO 68510 --- [    Test worker] o.s.b.a.w.s.WelcomePageHandlerMapping    : Adding welcome page: class path resource [static/index.html]
2024-01-14T13:18:43.867+01:00  INFO 68510 --- [    Test worker] o.s.s.web.DefaultSecurityFilterChain     : Will secure any request with [org.springframework.security.web.session.DisableEncodeUrlFilter@3c16f821, org.springframework.security.web.context.request.async.WebAsyncManagerIntegrationFilter@466644c3, org.springframework.security.web.context.SecurityContextHolderFilter@6b96af8d, org.springframework.security.web.header.HeaderWriterFilter@619bb99d, org.springframework.web.filter.CorsFilter@3c36c9f4, org.springframework.security.web.csrf.CsrfFilter@27b5c8d0, org.springframework.security.web.authentication.logout.LogoutFilter@14b620e5, org.springframework.security.web.authentication.UsernamePasswordAuthenticationFilter@5ed48fd4, org.springframework.security.web.authentication.ui.DefaultLoginPageGeneratingFilter@48a7902f, org.springframework.security.web.authentication.ui.DefaultLogoutPageGeneratingFilter@6eaded2a, org.springframework.security.web.authentication.www.BasicAuthenticationFilter@11186a22, org.springframework.security.web.savedrequest.RequestCacheAwareFilter@62ec0967, org.springframework.security.web.servletapi.SecurityContextHolderAwareRequestFilter@74cc987a, org.springframework.security.web.authentication.AnonymousAuthenticationFilter@6571c72e, org.springframework.security.web.access.ExceptionTranslationFilter@59a9f3eb, org.springframework.security.web.access.intercept.AuthorizationFilter@7bc02941]
2024-01-14T13:18:43.869+01:00  INFO 68510 --- [    Test worker] o.s.b.t.m.w.SpringBootMockServletContext : Initializing Spring TestDispatcherServlet ''
2024-01-14T13:18:43.869+01:00  INFO 68510 --- [    Test worker] o.s.t.web.servlet.TestDispatcherServlet  : Initializing Servlet ''
2024-01-14T13:18:43.870+01:00  INFO 68510 --- [    Test worker] o.s.t.web.servlet.TestDispatcherServlet  : Completed initialization in 1 ms
2024-01-14T13:18:43.872+01:00  INFO 68510 --- [    Test worker] c.e.s.a.m.c.SensorControllerTest         : Started SensorControllerTest in 0.105 seconds (process running for 6.798)
2024-01-14T13:18:43.875+01:00  WARN 68510 --- [    Test worker] o.s.w.s.h.HandlerMappingIntrospector     : Cache miss for REQUEST dispatch to '/api/sensors/999' (previous null). Performing CorsConfiguration lookup. This is logged once only at WARN level, and every time at TRACE.
]]></system-out>
  <system-err><![CDATA[]]></system-err>
</testsuite>
