<?xml version="1.0" encoding="UTF-8"?>
<testsuite name="com.emse.spring.automacorp.model.mappers.SensorMapperTest" tests="1" skipped="0" failures="0" errors="0" timestamp="2024-01-14T12:18:44" hostname="Anjolaoluwas-MacBook-Pro.local" time="0.001">
  <properties/>
  <testcase name="shouldMapSensor()" classname="com.emse.spring.automacorp.model.mappers.SensorMapperTest" time="0.001"/>
  <system-out><![CDATA[]]></system-out>
  <system-err><![CDATA[]]></system-err>
</testsuite>
