<?xml version="1.0" encoding="UTF-8"?>
<testsuite name="com.emse.spring.automacorp.model.controllers.WindowControllerTest" tests="8" skipped="0" failures="0" errors="0" timestamp="2024-01-14T12:18:44" hostname="Anjolaoluwas-MacBook-Pro.local" time="0.034">
  <properties/>
  <testcase name="shouldFindById()" classname="com.emse.spring.automacorp.model.controllers.WindowControllerTest" time="0.006"/>
  <testcase name="shouldCreate()" classname="com.emse.spring.automacorp.model.controllers.WindowControllerTest" time="0.005"/>
  <testcase name="shouldDelete()" classname="com.emse.spring.automacorp.model.controllers.WindowControllerTest" time="0.003"/>
  <testcase name="shouldUpdate()" classname="com.emse.spring.automacorp.model.controllers.WindowControllerTest" time="0.003"/>
  <testcase name="shouldFindAll()" classname="com.emse.spring.automacorp.model.controllers.WindowControllerTest" time="0.003"/>
  <testcase name="shouldNotUpdateUnknownEntity()" classname="com.emse.spring.automacorp.model.controllers.WindowControllerTest" time="0.003"/>
  <testcase name="shouldReturnNullWhenFindByUnknownId()" classname="com.emse.spring.automacorp.model.controllers.WindowControllerTest" time="0.002"/>
  <testcase name="shouldSwitchWindowStatusById()" classname="com.emse.spring.automacorp.model.controllers.WindowControllerTest" time="0.002"/>
  <system-out><![CDATA[2024-01-14T13:18:43.904+01:00  INFO 68510 --- [    Test worker] t.c.s.AnnotationConfigContextLoaderUtils : Could not detect default configuration classes for test class [com.emse.spring.automacorp.model.controllers.WindowControllerTest]: WindowControllerTest does not declare any static, non-private, non-final, nested classes annotated with @Configuration.
2024-01-14T13:18:43.907+01:00  INFO 68510 --- [    Test worker] .b.t.c.SpringBootTestContextBootstrapper : Found @SpringBootConfiguration com.emse.spring.automacorp.AutomacorpApplication for test class com.emse.spring.automacorp.model.controllers.WindowControllerTest

  .   ____          _            __ _ _
 /\\ / ___'_ __ _ _(_)_ __  __ _ \ \ \ \
( ( )\___ | '_ | '_| | '_ \/ _` | \ \ \ \
 \\/  ___)| |_)| | | | | || (_| |  ) ) ) )
  '  |____| .__|_| |_|_| |_\__, | / / / /
 =========|_|==============|___/=/_/_/_/
 :: Spring Boot ::                (v3.2.0)

2024-01-14T13:18:43.917+01:00  INFO 68510 --- [    Test worker] c.e.s.a.m.c.WindowControllerTest         : Starting WindowControllerTest using Java 21 with PID 68510 (started by anjolaoluwaadeuyi in /Users/anjolaoluwaadeuyi/Documents/CPS2/web/TB3_Smart_Building_Manager_Backend)
2024-01-14T13:18:43.917+01:00  INFO 68510 --- [    Test worker] c.e.s.a.m.c.WindowControllerTest         : No active profile set, falling back to 1 default profile: "default"
2024-01-14T13:18:43.978+01:00  INFO 68510 --- [    Test worker] o.s.b.a.w.s.WelcomePageHandlerMapping    : Adding welcome page: class path resource [static/index.html]
2024-01-14T13:18:44.003+01:00  INFO 68510 --- [    Test worker] o.s.s.web.DefaultSecurityFilterChain     : Will secure any request with [org.springframework.security.web.session.DisableEncodeUrlFilter@2892b704, org.springframework.security.web.context.request.async.WebAsyncManagerIntegrationFilter@6b2d01e2, org.springframework.security.web.context.SecurityContextHolderFilter@1ba7b274, org.springframework.security.web.header.HeaderWriterFilter@1285b1f8, org.springframework.web.filter.CorsFilter@c005d62, org.springframework.security.web.csrf.CsrfFilter@28aeab8a, org.springframework.security.web.authentication.logout.LogoutFilter@38a77e1b, org.springframework.security.web.authentication.UsernamePasswordAuthenticationFilter@6c916b7e, org.springframework.security.web.authentication.ui.DefaultLoginPageGeneratingFilter@1dfd27fe, org.springframework.security.web.authentication.ui.DefaultLogoutPageGeneratingFilter@451f5e53, org.springframework.security.web.authentication.www.BasicAuthenticationFilter@4631ecf5, org.springframework.security.web.savedrequest.RequestCacheAwareFilter@4608a871, org.springframework.security.web.servletapi.SecurityContextHolderAwareRequestFilter@2248583e, org.springframework.security.web.authentication.AnonymousAuthenticationFilter@7808fb63, org.springframework.security.web.access.ExceptionTranslationFilter@76425cc2, org.springframework.security.web.access.intercept.AuthorizationFilter@6f45872b]
2024-01-14T13:18:44.006+01:00  INFO 68510 --- [    Test worker] o.s.b.t.m.w.SpringBootMockServletContext : Initializing Spring TestDispatcherServlet ''
2024-01-14T13:18:44.006+01:00  INFO 68510 --- [    Test worker] o.s.t.web.servlet.TestDispatcherServlet  : Initializing Servlet ''
2024-01-14T13:18:44.006+01:00  INFO 68510 --- [    Test worker] o.s.t.web.servlet.TestDispatcherServlet  : Completed initialization in 0 ms
2024-01-14T13:18:44.009+01:00  INFO 68510 --- [    Test worker] c.e.s.a.m.c.WindowControllerTest         : Started WindowControllerTest in 0.1 seconds (process running for 6.935)
2024-01-14T13:18:44.012+01:00  WARN 68510 --- [    Test worker] o.s.w.s.h.HandlerMappingIntrospector     : Cache miss for REQUEST dispatch to '/api/windows/999' (previous null). Performing CorsConfiguration lookup. This is logged once only at WARN level, and every time at TRACE.
]]></system-out>
  <system-err><![CDATA[]]></system-err>
</testsuite>
