<?xml version="1.0" encoding="UTF-8"?>
<testsuite name="com.emse.spring.automacorp.model.dao.BuildingDaoTest" tests="1" skipped="0" failures="0" errors="0" timestamp="2024-01-14T12:18:44" hostname="Anjolaoluwas-MacBook-Pro.local" time="0.019">
  <properties/>
  <testcase name="shouldFindABuildingById()" classname="com.emse.spring.automacorp.model.dao.BuildingDaoTest" time="0.019"/>
  <system-out><![CDATA[2024-01-14T13:18:44.047+01:00  INFO 68510 --- [    Test worker] t.c.s.AnnotationConfigContextLoaderUtils : Could not detect default configuration classes for test class [com.emse.spring.automacorp.model.dao.BuildingDaoTest]: BuildingDaoTest does not declare any static, non-private, non-final, nested classes annotated with @Configuration.
2024-01-14T13:18:44.058+01:00  INFO 68510 --- [    Test worker] .b.t.c.SpringBootTestContextBootstrapper : Found @SpringBootConfiguration com.emse.spring.automacorp.AutomacorpApplication for test class com.emse.spring.automacorp.model.dao.BuildingDaoTest

  .   ____          _            __ _ _
 /\\ / ___'_ __ _ _(_)_ __  __ _ \ \ \ \
( ( )\___ | '_ | '_| | '_ \/ _` | \ \ \ \
 \\/  ___)| |_)| | | | | || (_| |  ) ) ) )
  '  |____| .__|_| |_|_| |_\__, | / / / /
 =========|_|==============|___/=/_/_/_/
 :: Spring Boot ::                (v3.2.0)

2024-01-14T13:18:44.068+01:00  INFO 68510 --- [    Test worker] c.e.s.a.model.dao.BuildingDaoTest        : Starting BuildingDaoTest using Java 21 with PID 68510 (started by anjolaoluwaadeuyi in /Users/anjolaoluwaadeuyi/Documents/CPS2/web/TB3_Smart_Building_Manager_Backend)
2024-01-14T13:18:44.068+01:00  INFO 68510 --- [    Test worker] c.e.s.a.model.dao.BuildingDaoTest        : No active profile set, falling back to 1 default profile: "default"
2024-01-14T13:18:44.106+01:00  INFO 68510 --- [    Test worker] .s.d.r.c.RepositoryConfigurationDelegate : Bootstrapping Spring Data JPA repositories in DEFAULT mode.
2024-01-14T13:18:44.114+01:00  INFO 68510 --- [    Test worker] .s.d.r.c.RepositoryConfigurationDelegate : Finished Spring Data repository scanning in 6 ms. Found 5 JPA repository interfaces.
2024-01-14T13:18:44.134+01:00  INFO 68510 --- [    Test worker] beddedDataSourceBeanFactoryPostProcessor : Replacing 'dataSource' DataSource bean with embedded version
2024-01-14T13:18:44.141+01:00  INFO 68510 --- [    Test worker] o.s.j.d.e.EmbeddedDatabaseFactory        : Starting embedded database: url='jdbc:h2:mem:9116f608-49a4-4d4b-afe9-9d7aabaf351c;DB_CLOSE_DELAY=-1;DB_CLOSE_ON_EXIT=false', username='sa'
2024-01-14T13:18:44.152+01:00  INFO 68510 --- [    Test worker] o.hibernate.jpa.internal.util.LogHelper  : HHH000204: Processing PersistenceUnitInfo [name: default]
2024-01-14T13:18:44.154+01:00  INFO 68510 --- [    Test worker] o.h.c.internal.RegionFactoryInitiator    : HHH000026: Second-level cache disabled
2024-01-14T13:18:44.155+01:00  INFO 68510 --- [    Test worker] o.s.o.j.p.SpringPersistenceUnitInfo      : No LoadTimeWeaver setup: ignoring JPA class transformer
2024-01-14T13:18:44.157+01:00  WARN 68510 --- [    Test worker] org.hibernate.orm.deprecation            : HHH90000025: H2Dialect does not need to be specified explicitly using 'hibernate.dialect' (remove the property setting and it will be selected by default)
2024-01-14T13:18:44.228+01:00  INFO 68510 --- [    Test worker] o.h.e.t.j.p.i.JtaPlatformInitiator       : HHH000489: No JTA platform available (set 'hibernate.transaction.jta.platform' to enable JTA platform integration)
Hibernate: drop table if exists sp_building cascade 
Hibernate: drop table if exists sp_heater cascade 
Hibernate: drop table if exists sp_room cascade 
Hibernate: drop table if exists sp_sensor cascade 
Hibernate: drop table if exists sp_window cascade 
Hibernate: drop sequence if exists sp_heater_seq
Hibernate: drop sequence if exists sp_room_seq
Hibernate: drop sequence if exists sp_sensor_seq
Hibernate: drop sequence if exists sp_window_seq
Hibernate: create sequence sp_heater_seq start with 1 increment by 50
Hibernate: create sequence sp_room_seq start with 1 increment by 50
Hibernate: create sequence sp_sensor_seq start with 1 increment by 50
Hibernate: create sequence sp_window_seq start with 1 increment by 50
Hibernate: create table sp_building (id bigint generated by default as identity, outside_temperature_id bigint not null unique, name varchar(255) not null, primary key (id))
Hibernate: create table sp_heater (id bigint not null, room_id bigint not null, status_id bigint not null unique, name varchar(255) not null, primary key (id))
Hibernate: create table sp_room (floor integer not null, target_temp float(53), building_id bigint not null, current_temp_id bigint not null unique, id bigint not null, name varchar(255) not null, primary key (id))
Hibernate: create table sp_sensor (sensor_value float(53), id bigint not null, name varchar(255) not null, sensor_type varchar(255) check (sensor_type in ('TEMPERATURE','POWER','STATUS')), primary key (id))
Hibernate: create table sp_window (id bigint not null, room_id bigint, window_status_id bigint not null unique, name varchar(255) not null, primary key (id))
Hibernate: alter table if exists sp_building add constraint FK6x3716krrxkqqcxwxjqlfvxqk foreign key (outside_temperature_id) references sp_sensor
Hibernate: alter table if exists sp_heater add constraint FKp2gyftujt9ysriwdlep7i9f9k foreign key (room_id) references sp_room
Hibernate: alter table if exists sp_heater add constraint FK2oygd1vd78xsd5xe9xl06atrx foreign key (status_id) references sp_sensor
Hibernate: alter table if exists sp_room add constraint FKf3ark47p7n6cf80cj4w0fl82p foreign key (building_id) references sp_building
Hibernate: alter table if exists sp_room add constraint FKq297w5879ea0hl6yml1ed36pc foreign key (current_temp_id) references sp_sensor
Hibernate: alter table if exists sp_window add constraint FKkmhyikmfiyrg6yewpwky7l5cw foreign key (room_id) references sp_room
Hibernate: alter table if exists sp_window add constraint FKqdj6jbtn59whbpgt93n927yjn foreign key (window_status_id) references sp_sensor
2024-01-14T13:18:44.240+01:00  INFO 68510 --- [    Test worker] j.LocalContainerEntityManagerFactoryBean : Initialized JPA EntityManagerFactory for persistence unit 'default'
2024-01-14T13:18:44.328+01:00  INFO 68510 --- [    Test worker] c.e.s.a.model.dao.BuildingDaoTest        : Started BuildingDaoTest in 0.268 seconds (process running for 7.254)
Hibernate: select be1_0.id,be1_0.name,be1_0.outside_temperature_id,ot1_0.id,h1_0.id,h1_0.name,h1_0.room_id,r1_0.id,r1_0.building_id,b1_0.id,b1_0.name,b1_0.outside_temperature_id,r1_0.current_temp_id,ct1_0.id,ct1_0.name,ct1_0.sensor_type,ct1_0.sensor_value,w1_0.id,w1_0.name,r2_0.id,r2_0.building_id,b2_0.id,b2_0.name,b2_0.outside_temperature_id,r2_0.current_temp_id,r2_0.floor,r2_0.name,r2_0.target_temp,w1_0.window_status_id,r1_0.floor,r1_0.name,r1_0.target_temp,h1_0.status_id,ot1_0.name,r3_0.id,r3_0.building_id,b3_0.id,b3_0.name,b3_0.outside_temperature_id,r3_0.current_temp_id,r3_0.floor,r3_0.name,r3_0.target_temp,ot1_0.sensor_type,ot1_0.sensor_value,w2_0.id,w2_0.name,r4_0.id,r4_0.building_id,b4_0.id,b4_0.name,b4_0.outside_temperature_id,r4_0.current_temp_id,ct4_0.id,h2_0.id,h2_0.name,h2_0.room_id,r5_0.id,r5_0.building_id,b5_0.id,b5_0.name,b5_0.outside_temperature_id,r5_0.current_temp_id,r5_0.floor,r5_0.name,r5_0.target_temp,h2_0.status_id,ct4_0.name,ct4_0.sensor_type,ct4_0.sensor_value,r4_0.floor,r4_0.name,r4_0.target_temp,w2_0.window_status_id from sp_building be1_0 join sp_sensor ot1_0 on ot1_0.id=be1_0.outside_temperature_id left join sp_heater h1_0 on ot1_0.id=h1_0.status_id left join sp_room r1_0 on r1_0.id=h1_0.room_id left join sp_building b1_0 on b1_0.id=r1_0.building_id left join sp_sensor ct1_0 on ct1_0.id=r1_0.current_temp_id left join sp_window w1_0 on ct1_0.id=w1_0.window_status_id left join sp_room r2_0 on r2_0.id=w1_0.room_id left join sp_building b2_0 on b2_0.id=r2_0.building_id left join sp_room r3_0 on ot1_0.id=r3_0.current_temp_id left join sp_building b3_0 on b3_0.id=r3_0.building_id left join sp_window w2_0 on ot1_0.id=w2_0.window_status_id left join sp_room r4_0 on r4_0.id=w2_0.room_id left join sp_building b4_0 on b4_0.id=r4_0.building_id left join sp_sensor ct4_0 on ct4_0.id=r4_0.current_temp_id left join sp_heater h2_0 on ct4_0.id=h2_0.status_id left join sp_room r5_0 on r5_0.id=h2_0.room_id left join sp_building b5_0 on b5_0.id=r5_0.building_id where be1_0.id=?
Hibernate: select r1_0.building_id,r1_0.id,r1_0.current_temp_id,ct1_0.id,b2_0.id,b2_0.name,b2_0.outside_temperature_id,h1_0.id,h1_0.name,h1_0.room_id,r2_0.id,r2_0.building_id,r2_0.current_temp_id,r2_0.floor,r2_0.name,r2_0.target_temp,h1_0.status_id,ct1_0.name,ct1_0.sensor_type,ct1_0.sensor_value,w1_0.id,w1_0.name,r3_0.id,r3_0.building_id,r3_0.current_temp_id,r3_0.floor,r3_0.name,r3_0.target_temp,w1_0.window_status_id,r1_0.floor,r1_0.name,r1_0.target_temp from sp_room r1_0 left join sp_sensor ct1_0 on ct1_0.id=r1_0.current_temp_id left join sp_building b2_0 on ct1_0.id=b2_0.outside_temperature_id left join sp_heater h1_0 on ct1_0.id=h1_0.status_id left join sp_room r2_0 on r2_0.id=h1_0.room_id left join sp_window w1_0 on ct1_0.id=w1_0.window_status_id left join sp_room r3_0 on r3_0.id=w1_0.room_id where r1_0.building_id=?
]]></system-out>
  <system-err><![CDATA[]]></system-err>
</testsuite>
