<?xml version="1.0" encoding="UTF-8"?>
<testsuite name="com.emse.spring.automacorp.model.controllers.SecurityControllerTest" tests="2" skipped="0" failures="0" errors="0" timestamp="2024-01-14T12:18:43" hostname="Anjolaoluwas-MacBook-Pro.local" time="0.008">
  <properties/>
  <testcase name="whenLoggedAsAdmin_thenCanAccessUsername()" classname="com.emse.spring.automacorp.model.controllers.SecurityControllerTest" time="0.005"/>
  <testcase name="whenLoggedAsUser_thenCanNotAccessUsername()" classname="com.emse.spring.automacorp.model.controllers.SecurityControllerTest" time="0.002"/>
  <system-out><![CDATA[2024-01-14T13:18:43.750+01:00  INFO 68510 --- [    Test worker] t.c.s.AnnotationConfigContextLoaderUtils : Could not detect default configuration classes for test class [com.emse.spring.automacorp.model.controllers.SecurityControllerTest]: SecurityControllerTest does not declare any static, non-private, non-final, nested classes annotated with @Configuration.
2024-01-14T13:18:43.752+01:00  INFO 68510 --- [    Test worker] .b.t.c.SpringBootTestContextBootstrapper : Found @SpringBootConfiguration com.emse.spring.automacorp.AutomacorpApplication for test class com.emse.spring.automacorp.model.controllers.SecurityControllerTest
]]></system-out>
  <system-err><![CDATA[]]></system-err>
</testsuite>
