<?xml version="1.0" encoding="UTF-8"?>
<testsuite name="com.emse.spring.automacorp.model.controllers.BuildingControllerTest" tests="7" skipped="0" failures="0" errors="0" timestamp="2024-01-14T12:18:43" hostname="Anjolaoluwas-MacBook-Pro.local" time="0.156">
  <properties/>
  <testcase name="shouldFindById()" classname="com.emse.spring.automacorp.model.controllers.BuildingControllerTest" time="0.049"/>
  <testcase name="shouldCreate()" classname="com.emse.spring.automacorp.model.controllers.BuildingControllerTest" time="0.066"/>
  <testcase name="shouldUpdate()" classname="com.emse.spring.automacorp.model.controllers.BuildingControllerTest" time="0.007"/>
  <testcase name="shouldDeleteBuildingAndAssociatedEntities()" classname="com.emse.spring.automacorp.model.controllers.BuildingControllerTest" time="0.008"/>
  <testcase name="shouldFindAll()" classname="com.emse.spring.automacorp.model.controllers.BuildingControllerTest" time="0.008"/>
  <testcase name="shouldNotUpdateUnknownEntity()" classname="com.emse.spring.automacorp.model.controllers.BuildingControllerTest" time="0.005"/>
  <testcase name="shouldReturnNullWhenFindByUnknownId()" classname="com.emse.spring.automacorp.model.controllers.BuildingControllerTest" time="0.006"/>
  <system-out><![CDATA[2024-01-14T13:18:42.653+01:00  INFO 68510 --- [    Test worker] t.c.s.AnnotationConfigContextLoaderUtils : Could not detect default configuration classes for test class [com.emse.spring.automacorp.model.controllers.BuildingControllerTest]: BuildingControllerTest does not declare any static, non-private, non-final, nested classes annotated with @Configuration.
2024-01-14T13:18:42.663+01:00  INFO 68510 --- [    Test worker] .b.t.c.SpringBootTestContextBootstrapper : Found @SpringBootConfiguration com.emse.spring.automacorp.AutomacorpApplication for test class com.emse.spring.automacorp.model.controllers.BuildingControllerTest

  .   ____          _            __ _ _
 /\\ / ___'_ __ _ _(_)_ __  __ _ \ \ \ \
( ( )\___ | '_ | '_| | '_ \/ _` | \ \ \ \
 \\/  ___)| |_)| | | | | || (_| |  ) ) ) )
  '  |____| .__|_| |_|_| |_\__, | / / / /
 =========|_|==============|___/=/_/_/_/
 :: Spring Boot ::                (v3.2.0)

2024-01-14T13:18:42.674+01:00  INFO 68510 --- [    Test worker] c.e.s.a.m.c.BuildingControllerTest       : Starting BuildingControllerTest using Java 21 with PID 68510 (started by anjolaoluwaadeuyi in /Users/anjolaoluwaadeuyi/Documents/CPS2/web/TB3_Smart_Building_Manager_Backend)
2024-01-14T13:18:42.674+01:00  INFO 68510 --- [    Test worker] c.e.s.a.m.c.BuildingControllerTest       : No active profile set, falling back to 1 default profile: "default"
2024-01-14T13:18:43.058+01:00  INFO 68510 --- [    Test worker] o.s.b.a.w.s.WelcomePageHandlerMapping    : Adding welcome page: class path resource [static/index.html]
2024-01-14T13:18:43.125+01:00  INFO 68510 --- [    Test worker] o.s.s.web.DefaultSecurityFilterChain     : Will secure any request with [org.springframework.security.web.session.DisableEncodeUrlFilter@5ace2ce3, org.springframework.security.web.context.request.async.WebAsyncManagerIntegrationFilter@39c821c6, org.springframework.security.web.context.SecurityContextHolderFilter@798e73de, org.springframework.security.web.header.HeaderWriterFilter@48d1f239, org.springframework.web.filter.CorsFilter@6cd9cafb, org.springframework.security.web.csrf.CsrfFilter@26562718, org.springframework.security.web.authentication.logout.LogoutFilter@279afa4e, org.springframework.security.web.authentication.UsernamePasswordAuthenticationFilter@7f85482c, org.springframework.security.web.authentication.ui.DefaultLoginPageGeneratingFilter@7c8ec235, org.springframework.security.web.authentication.ui.DefaultLogoutPageGeneratingFilter@3da20c42, org.springframework.security.web.authentication.www.BasicAuthenticationFilter@56e0e953, org.springframework.security.web.savedrequest.RequestCacheAwareFilter@6ef7e510, org.springframework.security.web.servletapi.SecurityContextHolderAwareRequestFilter@3b89bf47, org.springframework.security.web.authentication.AnonymousAuthenticationFilter@16209621, org.springframework.security.web.access.ExceptionTranslationFilter@1388c465, org.springframework.security.web.access.intercept.AuthorizationFilter@fbd9b1f]
2024-01-14T13:18:43.130+01:00  INFO 68510 --- [    Test worker] o.s.b.t.m.w.SpringBootMockServletContext : Initializing Spring TestDispatcherServlet ''
2024-01-14T13:18:43.130+01:00  INFO 68510 --- [    Test worker] o.s.t.web.servlet.TestDispatcherServlet  : Initializing Servlet ''
2024-01-14T13:18:43.130+01:00  INFO 68510 --- [    Test worker] o.s.t.web.servlet.TestDispatcherServlet  : Completed initialization in 0 ms
2024-01-14T13:18:43.138+01:00  INFO 68510 --- [    Test worker] c.e.s.a.m.c.BuildingControllerTest       : Started BuildingControllerTest in 0.473 seconds (process running for 6.064)
2024-01-14T13:18:43.157+01:00  WARN 68510 --- [    Test worker] o.s.w.s.h.HandlerMappingIntrospector     : Cache miss for REQUEST dispatch to '/api/buildings/1' (previous null). Performing CorsConfiguration lookup. This is logged once only at WARN level, and every time at TRACE.
]]></system-out>
  <system-err><![CDATA[]]></system-err>
</testsuite>
