<?xml version="1.0" encoding="UTF-8"?>
<testsuite name="com.emse.spring.automacorp.model.dao.SensorDaoTest" tests="1" skipped="0" failures="0" errors="0" timestamp="2024-01-14T12:18:44" hostname="Anjolaoluwas-MacBook-Pro.local" time="0.009">
  <properties/>
  <testcase name="shouldFindASensorById()" classname="com.emse.spring.automacorp.model.dao.SensorDaoTest" time="0.009"/>
  <system-out><![CDATA[2024-01-14T13:18:44.648+01:00  INFO 68510 --- [    Test worker] t.c.s.AnnotationConfigContextLoaderUtils : Could not detect default configuration classes for test class [com.emse.spring.automacorp.model.dao.SensorDaoTest]: SensorDaoTest does not declare any static, non-private, non-final, nested classes annotated with @Configuration.
2024-01-14T13:18:44.651+01:00  INFO 68510 --- [    Test worker] .b.t.c.SpringBootTestContextBootstrapper : Found @SpringBootConfiguration com.emse.spring.automacorp.AutomacorpApplication for test class com.emse.spring.automacorp.model.dao.SensorDaoTest
Hibernate: select se1_0.id,b1_0.id,b1_0.name,b1_0.outside_temperature_id,h1_0.id,h1_0.name,h1_0.room_id,r1_0.id,r1_0.building_id,b2_0.id,b2_0.name,b2_0.outside_temperature_id,ot2_0.id,ot2_0.name,r2_0.id,r2_0.building_id,r2_0.current_temp_id,r2_0.floor,r2_0.name,r2_0.target_temp,ot2_0.sensor_type,ot2_0.sensor_value,w1_0.id,w1_0.name,r3_0.id,r3_0.building_id,r3_0.current_temp_id,ct2_0.id,ct2_0.name,ct2_0.sensor_type,ct2_0.sensor_value,r3_0.floor,r3_0.name,r3_0.target_temp,w1_0.window_status_id,r1_0.current_temp_id,ct3_0.id,b5_0.id,b5_0.name,b5_0.outside_temperature_id,ct3_0.name,ct3_0.sensor_type,ct3_0.sensor_value,w2_0.id,w2_0.name,r4_0.id,r4_0.building_id,b6_0.id,b6_0.name,b6_0.outside_temperature_id,ot4_0.id,ot4_0.name,ot4_0.sensor_type,ot4_0.sensor_value,r4_0.current_temp_id,r4_0.floor,r4_0.name,r4_0.target_temp,w2_0.window_status_id,r1_0.floor,r1_0.name,r1_0.target_temp,h1_0.status_id,se1_0.name,r5_0.id,r5_0.building_id,b7_0.id,b7_0.name,b7_0.outside_temperature_id,ot5_0.id,h2_0.id,h2_0.name,h2_0.room_id,r6_0.id,r6_0.building_id,r6_0.current_temp_id,r6_0.floor,r6_0.name,r6_0.target_temp,h2_0.status_id,ot5_0.name,ot5_0.sensor_type,ot5_0.sensor_value,w3_0.id,w3_0.name,r7_0.id,r7_0.building_id,r7_0.current_temp_id,r7_0.floor,r7_0.name,r7_0.target_temp,w3_0.window_status_id,r5_0.current_temp_id,r5_0.floor,r5_0.name,r5_0.target_temp,se1_0.sensor_type,se1_0.sensor_value,w4_0.id,w4_0.name,r8_0.id,r8_0.building_id,b10_0.id,b10_0.name,b10_0.outside_temperature_id,ot6_0.id,h3_0.id,h3_0.name,h3_0.room_id,r9_0.id,r9_0.building_id,r9_0.current_temp_id,ct8_0.id,ct8_0.name,ct8_0.sensor_type,ct8_0.sensor_value,r9_0.floor,r9_0.name,r9_0.target_temp,h3_0.status_id,ot6_0.name,r10_0.id,r10_0.building_id,r10_0.current_temp_id,r10_0.floor,r10_0.name,r10_0.target_temp,ot6_0.sensor_type,ot6_0.sensor_value,r8_0.current_temp_id,ct10_0.id,b13_0.id,b13_0.name,b13_0.outside_temperature_id,h4_0.id,h4_0.name,h4_0.room_id,r11_0.id,r11_0.building_id,b14_0.id,b14_0.name,b14_0.outside_temperature_id,ot8_0.id,ot8_0.name,ot8_0.sensor_type,ot8_0.sensor_value,r11_0.current_temp_id,r11_0.floor,r11_0.name,r11_0.target_temp,h4_0.status_id,ct10_0.name,ct10_0.sensor_type,ct10_0.sensor_value,r8_0.floor,r8_0.name,r8_0.target_temp,w4_0.window_status_id from sp_sensor se1_0 left join sp_building b1_0 on se1_0.id=b1_0.outside_temperature_id left join sp_heater h1_0 on se1_0.id=h1_0.status_id left join sp_room r1_0 on r1_0.id=h1_0.room_id left join sp_building b2_0 on b2_0.id=r1_0.building_id left join sp_sensor ot2_0 on ot2_0.id=b2_0.outside_temperature_id left join sp_room r2_0 on ot2_0.id=r2_0.current_temp_id left join sp_window w1_0 on ot2_0.id=w1_0.window_status_id left join sp_room r3_0 on r3_0.id=w1_0.room_id left join sp_sensor ct2_0 on ct2_0.id=r3_0.current_temp_id left join sp_sensor ct3_0 on ct3_0.id=r1_0.current_temp_id left join sp_building b5_0 on ct3_0.id=b5_0.outside_temperature_id left join sp_window w2_0 on ct3_0.id=w2_0.window_status_id left join sp_room r4_0 on r4_0.id=w2_0.room_id left join sp_building b6_0 on b6_0.id=r4_0.building_id left join sp_sensor ot4_0 on ot4_0.id=b6_0.outside_temperature_id left join sp_room r5_0 on se1_0.id=r5_0.current_temp_id left join sp_building b7_0 on b7_0.id=r5_0.building_id left join sp_sensor ot5_0 on ot5_0.id=b7_0.outside_temperature_id left join sp_heater h2_0 on ot5_0.id=h2_0.status_id left join sp_room r6_0 on r6_0.id=h2_0.room_id left join sp_window w3_0 on ot5_0.id=w3_0.window_status_id left join sp_room r7_0 on r7_0.id=w3_0.room_id left join sp_window w4_0 on se1_0.id=w4_0.window_status_id left join sp_room r8_0 on r8_0.id=w4_0.room_id left join sp_building b10_0 on b10_0.id=r8_0.building_id left join sp_sensor ot6_0 on ot6_0.id=b10_0.outside_temperature_id left join sp_heater h3_0 on ot6_0.id=h3_0.status_id left join sp_room r9_0 on r9_0.id=h3_0.room_id left join sp_sensor ct8_0 on ct8_0.id=r9_0.current_temp_id left join sp_room r10_0 on ot6_0.id=r10_0.current_temp_id left join sp_sensor ct10_0 on ct10_0.id=r8_0.current_temp_id left join sp_building b13_0 on ct10_0.id=b13_0.outside_temperature_id left join sp_heater h4_0 on ct10_0.id=h4_0.status_id left join sp_room r11_0 on r11_0.id=h4_0.room_id left join sp_building b14_0 on b14_0.id=r11_0.building_id left join sp_sensor ot8_0 on ot8_0.id=b14_0.outside_temperature_id where se1_0.id=?
Hibernate: select re1_0.id,re1_0.building_id,b1_0.id,b1_0.name,b1_0.outside_temperature_id,ot1_0.id,h1_0.id,h1_0.name,h1_0.room_id,r1_0.id,r1_0.building_id,r1_0.current_temp_id,ct1_0.id,ct1_0.name,ct1_0.sensor_type,ct1_0.sensor_value,w1_0.id,w1_0.name,r2_0.id,r2_0.building_id,r2_0.current_temp_id,r2_0.floor,r2_0.name,r2_0.target_temp,w1_0.window_status_id,r1_0.floor,r1_0.name,r1_0.target_temp,h1_0.status_id,ot1_0.name,r3_0.id,r3_0.building_id,r3_0.current_temp_id,r3_0.floor,r3_0.name,r3_0.target_temp,ot1_0.sensor_type,ot1_0.sensor_value,w2_0.id,w2_0.name,r4_0.id,r4_0.building_id,r4_0.current_temp_id,ct4_0.id,h2_0.id,h2_0.name,h2_0.room_id,r5_0.id,r5_0.building_id,r5_0.current_temp_id,r5_0.floor,r5_0.name,r5_0.target_temp,h2_0.status_id,ct4_0.name,ct4_0.sensor_type,ct4_0.sensor_value,r4_0.floor,r4_0.name,r4_0.target_temp,w2_0.window_status_id,re1_0.current_temp_id,ct6_0.id,b7_0.id,b7_0.name,b7_0.outside_temperature_id,h3_0.id,h3_0.name,h3_0.room_id,r6_0.id,r6_0.building_id,b8_0.id,b8_0.name,b8_0.outside_temperature_id,ot3_0.id,ot3_0.name,ot3_0.sensor_type,ot3_0.sensor_value,w3_0.id,w3_0.name,r7_0.id,r7_0.building_id,r7_0.current_temp_id,r7_0.floor,r7_0.name,r7_0.target_temp,w3_0.window_status_id,r6_0.current_temp_id,r6_0.floor,r6_0.name,r6_0.target_temp,h3_0.status_id,ct6_0.name,ct6_0.sensor_type,ct6_0.sensor_value,w4_0.id,w4_0.name,r8_0.id,r8_0.building_id,b10_0.id,b10_0.name,b10_0.outside_temperature_id,ot4_0.id,h4_0.id,h4_0.name,h4_0.room_id,r9_0.id,r9_0.building_id,r9_0.current_temp_id,r9_0.floor,r9_0.name,r9_0.target_temp,h4_0.status_id,ot4_0.name,ot4_0.sensor_type,ot4_0.sensor_value,r8_0.current_temp_id,r8_0.floor,r8_0.name,r8_0.target_temp,w4_0.window_status_id,re1_0.floor,re1_0.name,re1_0.target_temp from sp_room re1_0 join sp_building b1_0 on b1_0.id=re1_0.building_id left join sp_sensor ot1_0 on ot1_0.id=b1_0.outside_temperature_id left join sp_heater h1_0 on ot1_0.id=h1_0.status_id left join sp_room r1_0 on r1_0.id=h1_0.room_id left join sp_sensor ct1_0 on ct1_0.id=r1_0.current_temp_id left join sp_window w1_0 on ct1_0.id=w1_0.window_status_id left join sp_room r2_0 on r2_0.id=w1_0.room_id left join sp_room r3_0 on ot1_0.id=r3_0.current_temp_id left join sp_window w2_0 on ot1_0.id=w2_0.window_status_id left join sp_room r4_0 on r4_0.id=w2_0.room_id left join sp_sensor ct4_0 on ct4_0.id=r4_0.current_temp_id left join sp_heater h2_0 on ct4_0.id=h2_0.status_id left join sp_room r5_0 on r5_0.id=h2_0.room_id join sp_sensor ct6_0 on ct6_0.id=re1_0.current_temp_id left join sp_building b7_0 on ct6_0.id=b7_0.outside_temperature_id left join sp_heater h3_0 on ct6_0.id=h3_0.status_id left join sp_room r6_0 on r6_0.id=h3_0.room_id left join sp_building b8_0 on b8_0.id=r6_0.building_id left join sp_sensor ot3_0 on ot3_0.id=b8_0.outside_temperature_id left join sp_window w3_0 on ot3_0.id=w3_0.window_status_id left join sp_room r7_0 on r7_0.id=w3_0.room_id left join sp_window w4_0 on ct6_0.id=w4_0.window_status_id left join sp_room r8_0 on r8_0.id=w4_0.room_id left join sp_building b10_0 on b10_0.id=r8_0.building_id left join sp_sensor ot4_0 on ot4_0.id=b10_0.outside_temperature_id left join sp_heater h4_0 on ot4_0.id=h4_0.status_id left join sp_room r9_0 on r9_0.id=h4_0.room_id where re1_0.current_temp_id=?
]]></system-out>
  <system-err><![CDATA[]]></system-err>
</testsuite>
