<?xml version="1.0" encoding="UTF-8"?>
<testsuite name="com.emse.spring.automacorp.AutomacorpApplicationTests" tests="1" skipped="0" failures="0" errors="0" timestamp="2024-01-14T12:18:41" hostname="Anjolaoluwas-MacBook-Pro.local" time="0.381">
  <properties/>
  <testcase name="contextLoads()" classname="com.emse.spring.automacorp.AutomacorpApplicationTests" time="0.381"/>
  <system-out><![CDATA[13:18:37.754 [Test worker] INFO org.springframework.test.context.support.AnnotationConfigContextLoaderUtils -- Could not detect default configuration classes for test class [com.emse.spring.automacorp.AutomacorpApplicationTests]: AutomacorpApplicationTests does not declare any static, non-private, non-final, nested classes annotated with @Configuration.
13:18:37.817 [Test worker] INFO org.springframework.boot.test.context.SpringBootTestContextBootstrapper -- Found @SpringBootConfiguration com.emse.spring.automacorp.AutomacorpApplication for test class com.emse.spring.automacorp.AutomacorpApplicationTests

  .   ____          _            __ _ _
 /\\ / ___'_ __ _ _(_)_ __  __ _ \ \ \ \
( ( )\___ | '_ | '_| | '_ \/ _` | \ \ \ \
 \\/  ___)| |_)| | | | | || (_| |  ) ) ) )
  '  |____| .__|_| |_|_| |_\__, | / / / /
 =========|_|==============|___/=/_/_/_/
 :: Spring Boot ::                (v3.2.0)

2024-01-14T13:18:38.122+01:00  INFO 68510 --- [    Test worker] c.e.s.a.AutomacorpApplicationTests       : Starting AutomacorpApplicationTests using Java 21 with PID 68510 (started by anjolaoluwaadeuyi in /Users/anjolaoluwaadeuyi/Documents/CPS2/web/TB3_Smart_Building_Manager_Backend)
2024-01-14T13:18:38.124+01:00  INFO 68510 --- [    Test worker] c.e.s.a.AutomacorpApplicationTests       : No active profile set, falling back to 1 default profile: "default"
2024-01-14T13:18:38.693+01:00  INFO 68510 --- [    Test worker] .s.d.r.c.RepositoryConfigurationDelegate : Bootstrapping Spring Data JPA repositories in DEFAULT mode.
2024-01-14T13:18:38.737+01:00  INFO 68510 --- [    Test worker] .s.d.r.c.RepositoryConfigurationDelegate : Finished Spring Data repository scanning in 41 ms. Found 5 JPA repository interfaces.
2024-01-14T13:18:39.171+01:00  INFO 68510 --- [    Test worker] com.zaxxer.hikari.HikariDataSource       : HikariPool-1 - Starting...
2024-01-14T13:18:39.391+01:00  INFO 68510 --- [    Test worker] com.zaxxer.hikari.pool.HikariPool        : HikariPool-1 - Added connection conn0: url=jdbc:h2:mem:automacorp user=SA
2024-01-14T13:18:39.393+01:00  INFO 68510 --- [    Test worker] com.zaxxer.hikari.HikariDataSource       : HikariPool-1 - Start completed.
2024-01-14T13:18:39.432+01:00  INFO 68510 --- [    Test worker] o.hibernate.jpa.internal.util.LogHelper  : HHH000204: Processing PersistenceUnitInfo [name: default]
2024-01-14T13:18:39.476+01:00  INFO 68510 --- [    Test worker] org.hibernate.Version                    : HHH000412: Hibernate ORM core version 6.3.1.Final
2024-01-14T13:18:39.505+01:00  INFO 68510 --- [    Test worker] o.h.c.internal.RegionFactoryInitiator    : HHH000026: Second-level cache disabled
2024-01-14T13:18:39.711+01:00  INFO 68510 --- [    Test worker] o.s.o.j.p.SpringPersistenceUnitInfo      : No LoadTimeWeaver setup: ignoring JPA class transformer
2024-01-14T13:18:39.745+01:00  WARN 68510 --- [    Test worker] org.hibernate.orm.deprecation            : HHH90000025: H2Dialect does not need to be specified explicitly using 'hibernate.dialect' (remove the property setting and it will be selected by default)
2024-01-14T13:18:40.479+01:00  INFO 68510 --- [    Test worker] o.h.e.t.j.p.i.JtaPlatformInitiator       : HHH000489: No JTA platform available (set 'hibernate.transaction.jta.platform' to enable JTA platform integration)
Hibernate: drop table if exists sp_building cascade 
Hibernate: drop table if exists sp_heater cascade 
Hibernate: drop table if exists sp_room cascade 
Hibernate: drop table if exists sp_sensor cascade 
Hibernate: drop table if exists sp_window cascade 
Hibernate: drop sequence if exists sp_heater_seq
Hibernate: drop sequence if exists sp_room_seq
Hibernate: drop sequence if exists sp_sensor_seq
Hibernate: drop sequence if exists sp_window_seq
Hibernate: create sequence sp_heater_seq start with 1 increment by 50
Hibernate: create sequence sp_room_seq start with 1 increment by 50
Hibernate: create sequence sp_sensor_seq start with 1 increment by 50
Hibernate: create sequence sp_window_seq start with 1 increment by 50
Hibernate: create table sp_building (id bigint generated by default as identity, outside_temperature_id bigint not null unique, name varchar(255) not null, primary key (id))
Hibernate: create table sp_heater (id bigint not null, room_id bigint not null, status_id bigint not null unique, name varchar(255) not null, primary key (id))
Hibernate: create table sp_room (floor integer not null, target_temp float(53), building_id bigint not null, current_temp_id bigint not null unique, id bigint not null, name varchar(255) not null, primary key (id))
Hibernate: create table sp_sensor (sensor_value float(53), id bigint not null, name varchar(255) not null, sensor_type varchar(255) check (sensor_type in ('TEMPERATURE','POWER','STATUS')), primary key (id))
Hibernate: create table sp_window (id bigint not null, room_id bigint, window_status_id bigint not null unique, name varchar(255) not null, primary key (id))
Hibernate: alter table if exists sp_building add constraint FK6x3716krrxkqqcxwxjqlfvxqk foreign key (outside_temperature_id) references sp_sensor
Hibernate: alter table if exists sp_heater add constraint FKp2gyftujt9ysriwdlep7i9f9k foreign key (room_id) references sp_room
Hibernate: alter table if exists sp_heater add constraint FK2oygd1vd78xsd5xe9xl06atrx foreign key (status_id) references sp_sensor
Hibernate: alter table if exists sp_room add constraint FKf3ark47p7n6cf80cj4w0fl82p foreign key (building_id) references sp_building
Hibernate: alter table if exists sp_room add constraint FKq297w5879ea0hl6yml1ed36pc foreign key (current_temp_id) references sp_sensor
Hibernate: alter table if exists sp_window add constraint FKkmhyikmfiyrg6yewpwky7l5cw foreign key (room_id) references sp_room
Hibernate: alter table if exists sp_window add constraint FKqdj6jbtn59whbpgt93n927yjn foreign key (window_status_id) references sp_sensor
2024-01-14T13:18:40.511+01:00  INFO 68510 --- [    Test worker] j.LocalContainerEntityManagerFactoryBean : Initialized JPA EntityManagerFactory for persistence unit 'default'
2024-01-14T13:18:41.032+01:00  WARN 68510 --- [    Test worker] JpaBaseConfiguration$JpaWebConfiguration : spring.jpa.open-in-view is enabled by default. Therefore, database queries may be performed during view rendering. Explicitly configure spring.jpa.open-in-view to disable this warning
2024-01-14T13:18:41.118+01:00  INFO 68510 --- [    Test worker] o.s.b.a.h2.H2ConsoleAutoConfiguration    : H2 console available at '/console'. Database available at 'jdbc:h2:mem:automacorp'
2024-01-14T13:18:41.122+01:00  INFO 68510 --- [    Test worker] o.s.b.a.w.s.WelcomePageHandlerMapping    : Adding welcome page: class path resource [static/index.html]
2024-01-14T13:18:41.223+01:00  INFO 68510 --- [    Test worker] o.s.s.web.DefaultSecurityFilterChain     : Will secure any request with [org.springframework.security.web.session.DisableEncodeUrlFilter@546ca9da, org.springframework.security.web.context.request.async.WebAsyncManagerIntegrationFilter@257e8c43, org.springframework.security.web.context.SecurityContextHolderFilter@5319efc0, org.springframework.security.web.header.HeaderWriterFilter@694dc99b, org.springframework.web.filter.CorsFilter@14e54a35, org.springframework.security.web.csrf.CsrfFilter@31c800a5, org.springframework.security.web.authentication.logout.LogoutFilter@7db63a01, org.springframework.security.web.authentication.UsernamePasswordAuthenticationFilter@54c1878b, org.springframework.security.web.authentication.ui.DefaultLoginPageGeneratingFilter@51a73873, org.springframework.security.web.authentication.ui.DefaultLogoutPageGeneratingFilter@298cfe89, org.springframework.security.web.authentication.www.BasicAuthenticationFilter@7d018c58, org.springframework.security.web.savedrequest.RequestCacheAwareFilter@3618486e, org.springframework.security.web.servletapi.SecurityContextHolderAwareRequestFilter@52c68925, org.springframework.security.web.authentication.AnonymousAuthenticationFilter@189fb01b, org.springframework.security.web.access.ExceptionTranslationFilter@518ed9b4, org.springframework.security.web.access.intercept.AuthorizationFilter@1fa8a4f7]
2024-01-14T13:18:41.226+01:00  INFO 68510 --- [    Test worker] o.s.s.web.DefaultSecurityFilterChain     : Will secure any request with [org.springframework.security.web.session.DisableEncodeUrlFilter@326d39fd, org.springframework.security.web.context.request.async.WebAsyncManagerIntegrationFilter@403f6c04, org.springframework.security.web.context.SecurityContextHolderFilter@7fe40b9f, org.springframework.security.web.header.HeaderWriterFilter@3f523dae, org.springframework.web.filter.CorsFilter@2693e39c, org.springframework.security.web.authentication.logout.LogoutFilter@5b9c74a, org.springframework.security.web.authentication.UsernamePasswordAuthenticationFilter@6020cd42, org.springframework.security.web.authentication.ui.DefaultLoginPageGeneratingFilter@4a9d6eb9, org.springframework.security.web.authentication.ui.DefaultLogoutPageGeneratingFilter@4bbabec8, org.springframework.security.web.authentication.www.BasicAuthenticationFilter@2b68c59b, org.springframework.security.web.savedrequest.RequestCacheAwareFilter@1f41f259, org.springframework.security.web.servletapi.SecurityContextHolderAwareRequestFilter@648c80cb, org.springframework.security.web.authentication.AnonymousAuthenticationFilter@1043c493, org.springframework.security.web.access.ExceptionTranslationFilter@64faf3d, org.springframework.security.web.access.intercept.AuthorizationFilter@24facb47]
2024-01-14T13:18:41.429+01:00  INFO 68510 --- [    Test worker] c.e.s.a.AutomacorpApplicationTests       : Started AutomacorpApplicationTests in 3.502 seconds (process running for 4.355)
]]></system-out>
  <system-err><![CDATA[WARNING: A Java agent has been loaded dynamically (/Users/anjolaoluwaadeuyi/.gradle/caches/modules-2/files-2.1/net.bytebuddy/byte-buddy-agent/1.14.10/90ed94ac044ea8953b224304c762316e91fd6b31/byte-buddy-agent-1.14.10.jar)
WARNING: If a serviceability tool is in use, please run with -XX:+EnableDynamicAgentLoading to hide this warning
WARNING: If a serviceability tool is not in use, please run with -Djdk.instrument.traceUsage for more information
WARNING: Dynamic loading of agents will be disallowed by default in a future release
]]></system-err>
</testsuite>
